[INFO] 2022-06-17 17:35:32 [get_result] 本期最接近标准线的是：002111 威海广泰
最后收盘信息：{'日期': '2022-06-17', '开盘': '9.04', '收盘': '9.05', '最高': '9.08', '最低': '8.93', '成交量': '43381', '成交额': '39130684.00', '振幅': '1.66', '涨跌幅': '0.11', '涨跌额': '0.01', '换手率': '0.91'} select_quality_stocks_1.py:311
[INFO] 2022-06-17 17:35:33 [get_result] 本期最接近标准线的是：000788 北大医药
最后收盘信息：{'日期': '2022-06-17', '开盘': '7.85', '收盘': '7.94', '最高': '7.97', '最低': '7.68', '成交量': '182714', '成交额': '143329624.00', '振幅': '3.66', '涨跌幅': '0.25', '涨跌额': '0.02', '换手率': '3.07'} select_quality_stocks_1.py:311
[INFO] 2022-06-17 17:35:33 [get_result] 本期最接近标准线的是：000788 北大医药
最后收盘信息：{'日期': '2022-06-17', '开盘': '7.85', '收盘': '7.94', '最高': '7.97', '最低': '7.68', '成交量': '182714', '成交额': '143329624.00', '振幅': '3.66', '涨跌幅': '0.25', '涨跌额': '0.02', '换手率': '3.07'} select_quality_stocks_1.py:311
[INFO] 2022-06-17 17:35:33 [get_result] 本期最接近标准线的是：000733 振华科技
最后收盘信息：{'日期': '2022-06-17', '开盘': '126.98', '收盘': '133.59', '最高': '133.82', '最低': '125.29', '成交量': '81535', '成交额': '1070564144.00', '振幅': '6.72', '涨跌幅': '5.19', '涨跌额': '6.59', '换手率': '1.58'} select_quality_stocks_1.py:311
[INFO] 2022-06-17 17:38:59 [get_result] 本期最接近标准线的是：002111 威海广泰
最后收盘信息：{'日期': '2022-06-17', '开盘': '9.04', '收盘': '9.05', '最高': '9.08', '最低': '8.93', '成交量': '43381', '成交额': '39130684.00', '振幅': '1.66', '涨跌幅': '0.11', '涨跌额': '0.01', '换手率': '0.91'} select_quality_stocks.py:299
[INFO] 2022-06-17 17:38:59 [get_result] 本期最接近标准线的是：000788 北大医药
最后收盘信息：{'日期': '2022-06-17', '开盘': '7.85', '收盘': '7.94', '最高': '7.97', '最低': '7.68', '成交量': '182714', '成交额': '143329624.00', '振幅': '3.66', '涨跌幅': '0.25', '涨跌额': '0.02', '换手率': '3.07'} select_quality_stocks.py:299
[INFO] 2022-06-17 17:38:59 [get_result] 本期最接近标准线的是：000788 北大医药
最后收盘信息：{'日期': '2022-06-17', '开盘': '7.85', '收盘': '7.94', '最高': '7.97', '最低': '7.68', '成交量': '182714', '成交额': '143329624.00', '振幅': '3.66', '涨跌幅': '0.25', '涨跌额': '0.02', '换手率': '3.07'} select_quality_stocks.py:299
[INFO] 2022-06-17 17:38:59 [get_result] 本期最接近标准线的是：002287 奇正藏药
最后收盘信息：{'日期': '2022-06-17', '开盘': '25.26', '收盘': '25.67', '最高': '25.76', '最低': '25.01', '成交量': '17295', '成交额': '43959380.00', '振幅': '2.95', '涨跌幅': '0.98', '涨跌额': '0.25', '换手率': '0.33'} select_quality_stocks.py:299
[INFO] 2022-06-17 17:39:06 [get_result] 本期最接近标准线的是：002111 威海广泰
最后收盘信息：{'日期': '2022-06-17', '开盘': '9.04', '收盘': '9.05', '最高': '9.08', '最低': '8.93', '成交量': '43381', '成交额': '39130684.00', '振幅': '1.66', '涨跌幅': '0.11', '涨跌额': '0.01', '换手率': '0.91'} select_quality_stocks_1.py:313
[INFO] 2022-06-17 17:39:07 [get_result] 本期最接近标准线的是：000788 北大医药
最后收盘信息：{'日期': '2022-06-17', '开盘': '7.85', '收盘': '7.94', '最高': '7.97', '最低': '7.68', '成交量': '182714', '成交额': '143329624.00', '振幅': '3.66', '涨跌幅': '0.25', '涨跌额': '0.02', '换手率': '3.07'} select_quality_stocks_1.py:313
[INFO] 2022-06-17 17:39:07 [get_result] 本期最接近标准线的是：000788 北大医药
最后收盘信息：{'日期': '2022-06-17', '开盘': '7.85', '收盘': '7.94', '最高': '7.97', '最低': '7.68', '成交量': '182714', '成交额': '143329624.00', '振幅': '3.66', '涨跌幅': '0.25', '涨跌额': '0.02', '换手率': '3.07'} select_quality_stocks_1.py:313
[INFO] 2022-06-17 17:39:07 [get_result] 本期最接近标准线的是：000733 振华科技
最后收盘信息：{'日期': '2022-06-17', '开盘': '126.98', '收盘': '133.59', '最高': '133.82', '最低': '125.29', '成交量': '81535', '成交额': '1070564144.00', '振幅': '6.72', '涨跌幅': '5.19', '涨跌额': '6.59', '换手率': '1.58'} select_quality_stocks_1.py:313
