[INFO] 2022-06-22 15:25:53 [get_result] 本期最接近标准线的是：002380 科远智慧
最后收盘信息：{'日期': '2022-06-22', '开盘': '18.35', '收盘': '16.80', '最高': '19.60', '最低': '16.04', '成交量': '621709', '成交额': '1126335072.00', '振幅': '19.98', '涨跌幅': '-5.72', '涨跌额': '-1.02', '换手率': '43.94'} D:\Projects\dev\stock_recommendation\spiders\select_quality_stocks.py:272
[INFO] 2022-06-22 15:28:26 [get_result] 本期最接近标准线的是：002380 科远智慧
最后收盘信息：{'日期': '2022-06-22', '开盘': '18.35', '收盘': '16.80', '最高': '19.60', '最低': '16.04', '成交量': '621709', '成交额': '1126335072.00', '振幅': '19.98', '涨跌幅': '-5.72', '涨跌额': '-1.02', '换手率': '43.94'} D:\Projects\dev\stock_recommendation\spiders\select_quality_stocks.py:272
[INFO] 2022-06-22 15:29:06 [get_result] 本期最接近标准线的是：002380 科远智慧
最后收盘信息：{'日期': '2022-06-22', '开盘': '18.35', '收盘': '16.80', '最高': '19.60', '最低': '16.04', '成交量': '621709', '成交额': '1126335072.00', '振幅': '19.98', '涨跌幅': '-5.72', '涨跌额': '-1.02', '换手率': '43.94'} D:\Projects\dev\stock_recommendation\spiders\select_quality_stocks.py:272
[INFO] 2022-06-22 15:29:08 [get_result] 本期最接近标准线的是：002380 科远智慧
最后收盘信息：{'日期': '2022-06-22', '开盘': '18.35', '收盘': '16.80', '最高': '19.60', '最低': '16.04', '成交量': '621709', '成交额': '1126335072.00', '振幅': '19.98', '涨跌幅': '-5.72', '涨跌额': '-1.02', '换手率': '43.94'} D:\Projects\dev\stock_recommendation\spiders\select_quality_stocks.py:272
[INFO] 2022-06-22 15:29:09 [get_result] 本期最接近标准线的是：002380 科远智慧
最后收盘信息：{'日期': '2022-06-22', '开盘': '18.35', '收盘': '16.80', '最高': '19.60', '最低': '16.04', '成交量': '621709', '成交额': '1126335072.00', '振幅': '19.98', '涨跌幅': '-5.72', '涨跌额': '-1.02', '换手率': '43.94'} D:\Projects\dev\stock_recommendation\spiders\select_quality_stocks.py:272
[INFO] 2022-06-22 15:29:11 [get_result] 本期最接近标准线的是：002347 泰尔股份
最后收盘信息：{'日期': '2022-06-22', '开盘': '5.57', '收盘': '5.57', '最高': '5.57', '最低': '5.57', '成交量': '77736', '成交额': '43298840.00', '振幅': '0.00', '涨跌幅': '10.08', '涨跌额': '0.51', '换手率': '2.08'} D:\Projects\dev\stock_recommendation\spiders\select_quality_stocks.py:272
[INFO] 2022-06-22 15:30:16 [get_result] 本期最接近标准线的是：002657 中科金财
最后收盘信息：{'日期': '2022-06-22', '开盘': '16.72', '收盘': '17.29', '最高': '18.25', '最低': '16.03', '成交量': '876352', '成交额': '1478617264.00', '振幅': '13.33', '涨跌幅': '3.84', '涨跌额': '0.64', '换手率': '29.47'} D:\Projects\dev\stock_recommendation\spiders\select_quality_stocks.py:272
[INFO] 2022-06-22 15:30:20 [get_result] 本期最接近标准线的是：002657 中科金财
最后收盘信息：{'日期': '2022-06-22', '开盘': '16.72', '收盘': '17.29', '最高': '18.25', '最低': '16.03', '成交量': '876352', '成交额': '1478617264.00', '振幅': '13.33', '涨跌幅': '3.84', '涨跌额': '0.64', '换手率': '29.47'} D:\Projects\dev\stock_recommendation\spiders\select_quality_stocks.py:272
[INFO] 2022-06-22 15:30:21 [get_result] 本期最接近标准线的是：002657 中科金财
最后收盘信息：{'日期': '2022-06-22', '开盘': '16.72', '收盘': '17.29', '最高': '18.25', '最低': '16.03', '成交量': '876352', '成交额': '1478617264.00', '振幅': '13.33', '涨跌幅': '3.84', '涨跌额': '0.64', '换手率': '29.47'} D:\Projects\dev\stock_recommendation\spiders\select_quality_stocks.py:272
[INFO] 2022-06-22 15:30:23 [get_result] 本期最接近标准线的是：002638 勤上股份
最后收盘信息：{'日期': '2022-06-22', '开盘': '2.38', '收盘': '2.54', '最高': '2.54', '最低': '2.31', '成交量': '577362', '成交额': '143318824.00', '振幅': '9.96', '涨跌幅': '9.96', '涨跌额': '0.23', '换手率': '5.80'} D:\Projects\dev\stock_recommendation\spiders\select_quality_stocks.py:272
